app/mapping.txt
rikka.smscodehelper.MainPreferences -> rikka.smscodehelper.MainPreferences:
    android.preference.SwitchPreference preference_hide_launcher_icon -> a
    boolean hidden_launcher_icon -> b
    void <init>() -> <init>
    void onCreate(android.os.Bundle) -> onCreate
    boolean onPreferenceChange(android.preference.Preference,java.lang.Object) -> onPreferenceChange
    void onRequestPermissionsResult(int,java.lang.String[],int[]) -> onRequestPermissionsResult
    void setFitsSystemWindows(boolean) -> a
    void setTranslucentStatus(boolean) -> b
    void getPermission(java.lang.String) -> a
    void hideLauncher(boolean) -> c
    void access$000(rikka.smscodehelper.MainPreferences,java.lang.String) -> a
rikka.smscodehelper.MainPreferences$1 -> rikka.smscodehelper.a:
    rikka.smscodehelper.MainPreferences this$0 -> a
    void <init>(rikka.smscodehelper.MainPreferences) -> <init>
    boolean onClick(android.view.View,android.view.View) -> a
rikka.smscodehelper.MainPreferences$2 -> rikka.smscodehelper.b:
    rikka.smscodehelper.MainPreferences this$0 -> a
    void <init>(rikka.smscodehelper.MainPreferences) -> <init>
    boolean onClick(android.view.View,android.view.View) -> a
rikka.smscodehelper.SMSApp -> rikka.smscodehelper.SMSApp:
    void <init>() -> <init>
    void onCreate() -> onCreate
rikka.smscodehelper.receiver.SMSBroadcastReceiver -> rikka.smscodehelper.receiver.SMSBroadcastReceiver:
    void <init>() -> <init>
    void onReceive(android.content.Context,android.content.Intent) -> onReceive
rikka.smscodehelper.utils.SMSCode -> rikka.smscodehelper.a.a:
    rikka.smscodehelper.utils.SMSCode$SMSInfo parse(java.lang.String,int) -> a
    rikka.smscodehelper.utils.SMSCode$SMSInfo findByV1(java.lang.String) -> a
    void makeSenderList(java.util.ArrayList,java.lang.String,java.lang.String,java.lang.String) -> a
    int findStart(java.lang.String) -> b
    void findcode(java.util.ArrayList,java.lang.String,int) -> a
    void findcode(java.util.ArrayList,java.lang.String,int,int) -> a
    rikka.smscodehelper.utils.SMSCode$SMSInfo findByRegex(java.lang.String) -> c
rikka.smscodehelper.utils.SMSCode$1 -> rikka.smscodehelper.a.b:
    void <init>() -> <init>
    int compare(java.lang.String,java.lang.String) -> a
    int compare(java.lang.Object,java.lang.Object) -> compare
rikka.smscodehelper.utils.SMSCode$SMSInfo -> rikka.smscodehelper.a.c:
    java.lang.String sender -> a
    java.lang.String code -> b
    void <init>(java.lang.String,java.lang.String) -> <init>
rikka.smscodehelper.utils.StringUtils -> rikka.smscodehelper.a.d:
    char[] HEX_DIGITS -> a
    boolean isEmpty(java.lang.CharSequence) -> a
    void <clinit>() -> <clinit>
...
android.support.v4.app.NotificationCompat$NotificationCompatImplGingerbread -> a.a.a.a.t:
    void <init>() -> <init>
    android.app.Notification build(android.support.v4.app.NotificationCompat$Builder,android.support.v4.app.NotificationCompat$BuilderExtender) -> a
android.support.v4.app.NotificationCompat$NotificationCompatImplHoneycomb -> a.a.a.a.u:
    void <init>() -> <init>
    android.app.Notification build(android.support.v4.app.NotificationCompat$Builder,android.support.v4.app.NotificationCompat$BuilderExtender) -> a
android.support.v4.app.NotificationCompat$NotificationCompatImplIceCreamSandwich -> a.a.a.a.v:
    void <init>() -> <init>
    android.app.Notification build(android.support.v4.app.NotificationCompat$Builder,android.support.v4.app.NotificationCompat$BuilderExtender) -> a
android.support.v4.app.NotificationCompat$NotificationCompatImplJellybean -> a.a.a.a.w:
    void <init>() -> <init>
    android.app.Notification build(android.support.v4.app.NotificationCompat$Builder,android.support.v4.app.NotificationCompat$BuilderExtender) -> a
android.support.v4.app.NotificationCompat$NotificationCompatImplKitKat -> a.a.a.a.x:
    void <init>() -> <init>
    android.app.Notification build(android.support.v4.app.NotificationCompat$Builder,android.support.v4.app.NotificationCompat$BuilderExtender) -> a
android.support.v4.app.NotificationCompat$Style -> a.a.a.a.y:
    java.lang.CharSequence mBigContentTitle -> d
    java.lang.CharSequence mSummaryText -> e
    boolean mSummaryTextSet -> f
    void <init>() -> <init>
android.support.v4.app.NotificationCompatApi20 -> a.a.a.a.z:
    void addAction(android.app.Notification$Builder,android.support.v4.app.NotificationCompatBase$Action) -> a
android.support.v4.app.NotificationCompatApi20$Builder -> a.a.a.a.aa:
    android.app.Notification$Builder b -> a
    android.os.Bundle mExtras -> b
    void <init>(android.content.Context,android.app.Notification,java.lang.CharSequence,java.lang.CharSequence,java.lang.CharSequence,android.widget.RemoteViews,int,android.app.PendingIntent,android.app.PendingIntent,android.graphics.Bitmap,int,int,boolean,boolean,boolean,int,java.lang.CharSequence,boolean,java.util.ArrayList,android.os.Bundle,java.lang.String,boolean,java.lang.String) -> <init>
    void addAction(android.support.v4.app.NotificationCompatBase$Action) -> a
    android.app.Notification$Builder getBuilder() -> a
    android.app.Notification build() -> b
android.support.v4.app.NotificationCompatApi21 -> a.a.a.a.ab:
android.support.v4.app.NotificationCompatApi21$Builder -> a.a.a.a.ac:
    android.app.Notification$Builder b -> a
    void <init>(android.content.Context,android.app.Notification,java.lang.CharSequence,java.lang.CharSequence,java.lang.CharSequence,android.widget.RemoteViews,int,android.app.PendingIntent,android.app.PendingIntent,android.graphics.Bitmap,int,int,boolean,boolean,boolean,int,java.lang.CharSequence,boolean,java.lang.String,java.util.ArrayList,android.os.Bundle,int,int,android.app.Notification,java.lang.String,boolean,java.lang.String) -> <init>
    void addAction(android.support.v4.app.NotificationCompatBase$Action) -> a
    android.app.Notification$Builder getBuilder() -> a
    android.app.Notification build() -> b
android.support.v4.app.NotificationCompatBase -> a.a.a.a.ad:
android.support.v4.app.NotificationCompatBase$Action -> a.a.a.a.ae:
    int getIcon() -> a
    java.lang.CharSequence getTitle() -> b
    android.app.PendingIntent getActionIntent() -> c
    android.os.Bundle getExtras() -> d
    android.support.v4.app.RemoteInputCompatBase$RemoteInput[] getRemoteInputs() -> f
android.support.v4.app.NotificationCompatBase$Action$Factory -> a.a.a.a.af:
android.support.v4.app.NotificationCompatGingerbread -> a.a.a.a.ag:
    android.app.Notification add(android.app.Notification,android.content.Context,java.lang.CharSequence,java.lang.CharSequence,android.app.PendingIntent,android.app.PendingIntent) -> a